pan:1: assertion violated  !( !( !((((phase==5)||(phase==1))&&((phase==2)||(phase==1)))))) (at depth 4)
pan: wrote traffic.pml.trail

(Spin Version 6.5.2 -- 6 December 2019)
Warning: Search not completed
	+ Partial Order Reduction

Full statespace search for:
	never claim         	+ (T_S4)
	assertion violations	+ (if within scope of claim)
	cycle checks       	- (disabled by -DSAFETY)
	invalid end states	- (disabled by never claim)

State-vector 20 byte, depth reached 11, errors: 1
       11 states, stored
        4 states, matched
       15 transitions (= stored+matched)
        0 atomic steps
hash conflicts:         0 (resolved)

Stats on memory usage (in Megabytes):
    0.001	equivalent memory usage for states (stored*(State-vector + overhead))
    0.288	actual memory usage for states
  128.000	memory used for hash table (-w24)
    0.534	memory used for DFS stack (-m10000)
  128.730	total actual memory usage



pan: elapsed time 0 seconds
ltl T_S4: [] (! ((((phase==NS_Y)) || ((phase==BOTH_Y))) && (((phase==EW_Y)) || ((phase==BOTH_Y)))))
